foundit_app/android/app/build/intermediates/manifest_merge_blame_file/debug/manifest-merger-blame-debug-report.txt
1<?xml version="1.0" encoding="utf-8"?>
2<manifest xmlns:android="http://schemas.android.com/apk/res/android"
3    package="com.miuegypt.foundit"
4    android:versionCode="1"
5    android:versionName="1.0.0" >
6
7    <uses-sdk
8        android:minSdkVersion="23"
9        android:targetSdkVersion="34" />
10    <!--
11         The INTERNET permission is required for development. Specifically,
12         the Flutter tool needs it to communicate with the running application
13         to allow setting breakpoints, to provide hot reload, etc.
14    -->
15    <uses-permission android:name="android.permission.INTERNET" />
15-->src\debug\AndroidManifest.xml:6:5-66
15-->src\debug\AndroidManifest.xml:6:22-64
16    <!--
17     Required to query activities that can process text, see:
18         https://developer.android.com/training/package-visibility and
19         https://developer.android.com/reference/android/content/Intent#ACTION_PROCESS_TEXT.
20
21         In particular, this is used by the Flutter engine in io.flutter.plugin.text.ProcessTextPlugin.
22    -->
23    <queries>
23-->src\main\AndroidManifest.xml:39:5-44:15
24        <intent>
24-->src\main\AndroidManifest.xml:40:9-43:18
25            <action android:name="android.intent.action.PROCESS_TEXT" />
25-->src\main\AndroidManifest.xml:41:13-72
25-->src\main\AndroidManifest.xml:41:21-70
26
27            <data android:mimeType="text/plain" />
27-->src\main\AndroidManifest.xml:42:13-50
27-->src\main\AndroidManifest.xml:42:19-48
28        </intent>
29        <intent>
29-->[:file_picker] AndroidManifest.xml:8:9-12:18
30            <action android:name="android.intent.action.GET_CONTENT" />
30-->[:file_picker] AndroidManifest.xml:9:13-72
30-->[:file_picker] AndroidManifest.xml:9:21-69
31
32            <data android:mimeType="*/*" />
32-->src\main\AndroidManifest.xml:42:13-50
32-->src\main\AndroidManifest.xml:42:19-48
33        </intent>
34    </queries>
35
36    <uses-permission android:name="android.permission.ACCESS_NETWORK_STATE" />
36-->[:connectivity_plus] AndroidManifest.xml:7:5-79
36-->[:connectivity_plus] AndroidManifest.xml:7:22-76
37    <uses-permission
37-->[:photo_manager] AndroidManifest.xml:7:5-9:38
38        android:name="android.permission.READ_EXTERNAL_STORAGE"
38-->[:photo_manager] AndroidManifest.xml:8:9-64
39        android:maxSdkVersion="32" />
39-->[:photo_manager] AndroidManifest.xml:9:9-35
40    <uses-permission android:name="com.google.android.providers.gsf.permission.READ_GSERVICES" />
40-->[com.google.android.recaptcha:recaptcha:18.6.1] AndroidManifest.xml:9:5-98
40-->[com.google.android.recaptcha:recaptcha:18.6.1] AndroidManifest.xml:9:22-95
41
42    <permission
42-->[androidx.core:core:1.13.1] AndroidManifest.xml:22:5-24:47
43        android:name="com.miuegypt.foundit.DYNAMIC_RECEIVER_NOT_EXPORTED_PERMISSION"
43-->[androidx.core:core:1.13.1] AndroidManifest.xml:23:9-81
44        android:protectionLevel="signature" />
44-->[androidx.core:core:1.13.1] AndroidManifest.xml:24:9-44
45
46    <uses-permission android:name="com.miuegypt.foundit.DYNAMIC_RECEIVER_NOT_EXPORTED_PERMISSION" />
46-->[androidx.core:core:1.13.1] AndroidManifest.xml:26:5-97
46-->[androidx.core:core:1.13.1] AndroidManifest.xml:26:22-94
47
48    <application
49        android:name="android.app.Application"
50        android:appComponentFactory="androidx.core.app.CoreComponentFactory"
50-->[androidx.core:core:1.13.1] AndroidManifest.xml:28:18-86
51        android:debuggable="true"
52        android:extractNativeLibs="false"
53        android:icon="@mipmap/ic_launcher"
54        android:label="foundit_app" >
55        <activity
56            android:name="com.example.foundit_app.MainActivity"
57            android:configChanges="orientation|keyboardHidden|keyboard|screenSize|smallestScreenSize|locale|layoutDirection|fontScale|screenLayout|density|uiMode"
58            android:exported="true"
59            android:hardwareAccelerated="true"
60            android:launchMode="singleTop"
61            android:taskAffinity=""
62            android:theme="@style/LaunchTheme"
63            android:windowSoftInputMode="adjustResize" >
64
65            <!--
66                 Specifies an Android theme to apply to this Activity as soon as
67                 the Android process has started. This theme is visible to the user
68                 while the Flutter UI initializes. After that, this theme continues
69                 to determine the Window background behind the Flutter UI.
70            -->
71            <meta-data
72                android:name="io.flutter.embedding.android.NormalTheme"
73                android:resource="@style/NormalTheme" />
74
75            <intent-filter>
76                <action android:name="android.intent.action.MAIN" />
77
78                <category android:name="android.intent.category.LAUNCHER" />
79            </intent-filter>
80        </activity>
81        <!--
82             Don't delete the meta-data below.
83             This is used by the Flutter tool to generate GeneratedPluginRegistrant.java
84        -->
85        <meta-data
86            android:name="flutterEmbedding"
87            android:value="2" />
88
89        <service
89-->[:cloud_firestore] AndroidManifest.xml:8:9-12:19
90            android:name="com.google.firebase.components.ComponentDiscoveryService"
90-->[:cloud_firestore] AndroidManifest.xml:8:18-89
91            android:directBootAware="true"
91-->[com.google.firebase:firebase-common:21.0.0] AndroidManifest.xml:32:13-43
92            android:exported="false" >
92-->[com.google.firebase:firebase-auth:23.2.0] AndroidManifest.xml:68:13-37
93            <meta-data
93-->[:cloud_firestore] AndroidManifest.xml:9:13-11:85
94                android:name="com.google.firebase.components:io.flutter.plugins.firebase.firestore.FlutterFirebaseFirestoreRegistrar"
94-->[:cloud_firestore] AndroidManifest.xml:10:17-134
95                android:value="com.google.firebase.components.ComponentRegistrar" />
95-->[:cloud_firestore] AndroidManifest.xml:11:17-82
96            <meta-data
96-->[:firebase_auth] AndroidManifest.xml:9:13-11:85
97                android:name="com.google.firebase.components:io.flutter.plugins.firebase.auth.FlutterFirebaseAuthRegistrar"
97-->[:firebase_auth] AndroidManifest.xml:10:17-124
98                android:value="com.google.firebase.components.ComponentRegistrar" />
98-->[:firebase_auth] AndroidManifest.xml:11:17-82
99            <meta-data
99-->[:firebase_storage] AndroidManifest.xml:9:13-11:85
100                android:name="com.google.firebase.components:io.flutter.plugins.firebase.storage.FlutterFirebaseAppRegistrar"
100-->[:firebase_storage] AndroidManifest.xml:10:17-126
101                android:value="com.google.firebase.components.ComponentRegistrar" />
101-->[:firebase_storage] AndroidManifest.xml:11:17-82
102            <meta-data
102-->[:firebase_core] AndroidManifest.xml:9:13-11:85
103                android:name="com.google.firebase.components:io.flutter.plugins.firebase.core.FlutterFirebaseCoreRegistrar"
103-->[:firebase_core] AndroidManifest.xml:10:17-124
104                android:value="com.google.firebase.components.ComponentRegistrar" />
104-->[:firebase_core] AndroidManifest.xml:11:17-82
105            <meta-data
105-->[com.google.firebase:firebase-auth:23.2.0] AndroidManifest.xml:69:13-71:85
106                android:name="com.google.firebase.components:com.google.firebase.auth.FirebaseAuthRegistrar"
106-->[com.google.firebase:firebase-auth:23.2.0] AndroidManifest.xml:70:17-109
107                android:value="com.google.firebase.components.ComponentRegistrar" />
107-->[com.google.firebase:firebase-auth:23.2.0] AndroidManifest.xml:71:17-82
108            <meta-data
108-->[com.google.firebase:firebase-firestore:25.1.3] AndroidManifest.xml:17:13-19:85
109                android:name="com.google.firebase.components:com.google.firebase.firestore.FirebaseFirestoreKtxRegistrar"
109-->[com.google.firebase:firebase-firestore:25.1.3] AndroidManifest.xml:18:17-122
110                android:value="com.google.firebase.components.ComponentRegistrar" />
110-->[com.google.firebase:firebase-firestore:25.1.3] AndroidManifest.xml:19:17-82
111            <meta-data
111-->[com.google.firebase:firebase-firestore:25.1.3] AndroidManifest.xml:20:13-22:85
112                android:name="com.google.firebase.components:com.google.firebase.firestore.FirestoreRegistrar"
112-->[com.google.firebase:firebase-firestore:25.1.3] AndroidManifest.xml:21:17-111
113                android:value="com.google.firebase.components.ComponentRegistrar" />
113-->[com.google.firebase:firebase-firestore:25.1.3] AndroidManifest.xml:22:17-82
114            <meta-data
114-->[com.google.firebase:firebase-storage:21.0.1] AndroidManifest.xml:30:13-32:85
115                android:name="com.google.firebase.components:com.google.firebase.storage.FirebaseStorageKtxRegistrar"
115-->[com.google.firebase:firebase-storage:21.0.1] AndroidManifest.xml:31:17-118
116                android:value="com.google.firebase.components.ComponentRegistrar" />
116-->[com.google.firebase:firebase-storage:21.0.1] AndroidManifest.xml:32:17-82
117            <meta-data
117-->[com.google.firebase:firebase-storage:21.0.1] AndroidManifest.xml:33:13-35:85
118                android:name="com.google.firebase.components:com.google.firebase.storage.StorageRegistrar"
118-->[com.google.firebase:firebase-storage:21.0.1] AndroidManifest.xml:34:17-107
119                android:value="com.google.firebase.components.ComponentRegistrar" />
119-->[com.google.firebase:firebase-storage:21.0.1] AndroidManifest.xml:35:17-82
120            <meta-data
120-->[com.google.firebase:firebase-appcheck:18.0.0] AndroidManifest.xml:25:13-27:85
121                android:name="com.google.firebase.components:com.google.firebase.appcheck.FirebaseAppCheckKtxRegistrar"
121-->[com.google.firebase:firebase-appcheck:18.0.0] AndroidManifest.xml:26:17-120
122                android:value="com.google.firebase.components.ComponentRegistrar" />
122-->[com.google.firebase:firebase-appcheck:18.0.0] AndroidManifest.xml:27:17-82
123            <meta-data
123-->[com.google.firebase:firebase-appcheck:18.0.0] AndroidManifest.xml:28:13-30:85
124                android:name="com.google.firebase.components:com.google.firebase.appcheck.FirebaseAppCheckRegistrar"
124-->[com.google.firebase:firebase-appcheck:18.0.0] AndroidManifest.xml:29:17-117
125                android:value="com.google.firebase.components.ComponentRegistrar" />
125-->[com.google.firebase:firebase-appcheck:18.0.0] AndroidManifest.xml:30:17-82
126            <meta-data
126-->[com.google.firebase:firebase-common-ktx:21.0.0] AndroidManifest.xml:12:13-14:85
127                android:name="com.google.firebase.components:com.google.firebase.ktx.FirebaseCommonLegacyRegistrar"
127-->[com.google.firebase:firebase-common-ktx:21.0.0] AndroidManifest.xml:13:17-116
128                android:value="com.google.firebase.components.ComponentRegistrar" />
128-->[com.google.firebase:firebase-common-ktx:21.0.0] AndroidManifest.xml:14:17-82
129            <meta-data
129-->[com.google.firebase:firebase-common:21.0.0] AndroidManifest.xml:35:13-37:85
130                android:name="com.google.firebase.components:com.google.firebase.FirebaseCommonKtxRegistrar"
130-->[com.google.firebase:firebase-common:21.0.0] AndroidManifest.xml:36:17-109
131                android:value="com.google.firebase.components.ComponentRegistrar" />
131-->[com.google.firebase:firebase-common:21.0.0] AndroidManifest.xml:37:17-82
132        </service>
133
134        <provider
134-->[:image_picker_android] AndroidManifest.xml:9:9-17:20
135            android:name="io.flutter.plugins.imagepicker.ImagePickerFileProvider"
135-->[:image_picker_android] AndroidManifest.xml:10:13-82
136            android:authorities="com.miuegypt.foundit.flutter.image_provider"
136-->[:image_picker_android] AndroidManifest.xml:11:13-74
137            android:exported="false"
137-->[:image_picker_android] AndroidManifest.xml:12:13-37
138            android:grantUriPermissions="true" >
138-->[:image_picker_android] AndroidManifest.xml:13:13-47
139            <meta-data
139-->[:image_picker_android] AndroidManifest.xml:14:13-16:75
140                android:name="android.support.FILE_PROVIDER_PATHS"
140-->[:image_picker_android] AndroidManifest.xml:15:17-67
141                android:resource="@xml/flutter_image_picker_file_paths" />
141-->[:image_picker_android] AndroidManifest.xml:16:17-72
142        </provider> <!-- Trigger Google Play services to install the backported photo picker module. -->
143        <service
143-->[:image_picker_android] AndroidManifest.xml:19:9-31:19
144            android:name="com.google.android.gms.metadata.ModuleDependencies"
144-->[:image_picker_android] AndroidManifest.xml:20:13-78
145            android:enabled="false"
145-->[:image_picker_android] AndroidManifest.xml:21:13-36
146            android:exported="false" >
146-->[:image_picker_android] AndroidManifest.xml:22:13-37
147            <intent-filter>
147-->[:image_picker_android] AndroidManifest.xml:24:13-26:29
148                <action android:name="com.google.android.gms.metadata.MODULE_DEPENDENCIES" />
148-->[:image_picker_android] AndroidManifest.xml:25:17-94
148-->[:image_picker_android] AndroidManifest.xml:25:25-91
149            </intent-filter>
150
151            <meta-data
151-->[:image_picker_android] AndroidManifest.xml:28:13-30:36
152                android:name="photopicker_activity:0:required"
152-->[:image_picker_android] AndroidManifest.xml:29:17-63
153                android:value="" />
153-->[:image_picker_android] AndroidManifest.xml:30:17-33
154        </service>
155        <!--
156           Declares a provider which allows us to store files to share in
157           '.../caches/share_plus' and grant the receiving action access
158        -->
159        <provider
159-->[:share_plus] AndroidManifest.xml:13:9-21:20
160            android:name="dev.fluttercommunity.plus.share.ShareFileProvider"
160-->[:share_plus] AndroidManifest.xml:14:13-77
161            android:authorities="com.miuegypt.foundit.flutter.share_provider"
161-->[:share_plus] AndroidManifest.xml:15:13-74
162            android:exported="false"
162-->[:share_plus] AndroidManifest.xml:16:13-37
163            android:grantUriPermissions="true" >
163-->[:share_plus] AndroidManifest.xml:17:13-47
164            <meta-data
164-->[:image_picker_android] AndroidManifest.xml:14:13-16:75
165                android:name="android.support.FILE_PROVIDER_PATHS"
165-->[:image_picker_android] AndroidManifest.xml:15:17-67
166                android:resource="@xml/flutter_share_file_paths" />
166-->[:image_picker_android] AndroidManifest.xml:16:17-72
167        </provider>
168        <!--
169           This manifest declared broadcast receiver allows us to use an explicit
170           Intent when creating a PendingItent to be informed of the user's choice
171        -->
172        <receiver
172-->[:share_plus] AndroidManifest.xml:26:9-32:20
173            android:name="dev.fluttercommunity.plus.share.SharePlusPendingIntent"
173-->[:share_plus] AndroidManifest.xml:27:13-82
174            android:exported="false" >
174-->[:share_plus] AndroidManifest.xml:28:13-37
175            <intent-filter>
175-->[:share_plus] AndroidManifest.xml:29:13-31:29
176                <action android:name="EXTRA_CHOSEN_COMPONENT" />
176-->[:share_plus] AndroidManifest.xml:30:17-65
176-->[:share_plus] AndroidManifest.xml:30:25-62
177            </intent-filter>
178        </receiver>
179
180        <activity
180-->[:url_launcher_android] AndroidManifest.xml:8:9-11:74
181            android:name="io.flutter.plugins.urllauncher.WebViewActivity"
181-->[:url_launcher_android] AndroidManifest.xml:9:13-74
182            android:exported="false"
182-->[:url_launcher_android] AndroidManifest.xml:10:13-37
183            android:theme="@android:style/Theme.NoTitleBar.Fullscreen" />
183-->[:url_launcher_android] AndroidManifest.xml:11:13-71
184        <activity
184-->[com.google.firebase:firebase-auth:23.2.0] AndroidManifest.xml:29:9-46:20
185            android:name="com.google.firebase.auth.internal.GenericIdpActivity"
185-->[com.google.firebase:firebase-auth:23.2.0] AndroidManifest.xml:30:13-80
186            android:excludeFromRecents="true"
186-->[com.google.firebase:firebase-auth:23.2.0] AndroidManifest.xml:31:13-46
187            android:exported="true"
187-->[com.google.firebase:firebase-auth:23.2.0] AndroidManifest.xml:32:13-36
188            android:launchMode="singleTask"
188-->[com.google.firebase:firebase-auth:23.2.0] AndroidManifest.xml:33:13-44
189            android:theme="@android:style/Theme.Translucent.NoTitleBar" >
189-->[com.google.firebase:firebase-auth:23.2.0] AndroidManifest.xml:34:13-72
190            <intent-filter>
190-->[com.google.firebase:firebase-auth:23.2.0] AndroidManifest.xml:35:13-45:29
191                <action android:name="android.intent.action.VIEW" />
191-->[com.google.firebase:firebase-auth:23.2.0] AndroidManifest.xml:36:17-69
191-->[com.google.firebase:firebase-auth:23.2.0] AndroidManifest.xml:36:25-66
192
193                <category android:name="android.intent.category.DEFAULT" />
193-->[com.google.firebase:firebase-auth:23.2.0] AndroidManifest.xml:38:17-76
193-->[com.google.firebase:firebase-auth:23.2.0] AndroidManifest.xml:38:27-73
194                <category android:name="android.intent.category.BROWSABLE" />
194-->[com.google.firebase:firebase-auth:23.2.0] AndroidManifest.xml:39:17-78
194-->[com.google.firebase:firebase-auth:23.2.0] AndroidManifest.xml:39:27-75
195
196                <data
196-->src\main\AndroidManifest.xml:42:13-50
197                    android:host="firebase.auth"
198                    android:path="/"
199                    android:scheme="genericidp" />
200            </intent-filter>
201        </activity>
202        <activity
202-->[com.google.firebase:firebase-auth:23.2.0] AndroidManifest.xml:47:9-64:20
203            android:name="com.google.firebase.auth.internal.RecaptchaActivity"
203-->[com.google.firebase:firebase-auth:23.2.0] AndroidManifest.xml:48:13-79
204            android:excludeFromRecents="true"
204-->[com.google.firebase:firebase-auth:23.2.0] AndroidManifest.xml:49:13-46
205            android:exported="true"
205-->[com.google.firebase:firebase-auth:23.2.0] AndroidManifest.xml:50:13-36
206            android:launchMode="singleTask"
206-->[com.google.firebase:firebase-auth:23.2.0] AndroidManifest.xml:51:13-44
207            android:theme="@android:style/Theme.Translucent.NoTitleBar" >
207-->[com.google.firebase:firebase-auth:23.2.0] AndroidManifest.xml:52:13-72
208            <intent-filter>
208-->[com.google.firebase:firebase-auth:23.2.0] AndroidManifest.xml:53:13-63:29
209                <action android:name="android.intent.action.VIEW" />
209-->[com.google.firebase:firebase-auth:23.2.0] AndroidManifest.xml:36:17-69
209-->[com.google.firebase:firebase-auth:23.2.0] AndroidManifest.xml:36:25-66
210
211                <category android:name="android.intent.category.DEFAULT" />
211-->[com.google.firebase:firebase-auth:23.2.0] AndroidManifest.xml:38:17-76
211-->[com.google.firebase:firebase-auth:23.2.0] AndroidManifest.xml:38:27-73
212                <category android:name="android.intent.category.BROWSABLE" />
212-->[com.google.firebase:firebase-auth:23.2.0] AndroidManifest.xml:39:17-78
212-->[com.google.firebase:firebase-auth:23.2.0] AndroidManifest.xml:39:27-75
213
214                <data
214-->src\main\AndroidManifest.xml:42:13-50
215                    android:host="firebase.auth"
216                    android:path="/"
217                    android:scheme="recaptcha" />
218            </intent-filter>
219        </activity>
220
221        <service
221-->[androidx.credentials:credentials-play-services-auth:1.2.0-rc01] AndroidManifest.xml:24:9-32:19
222            android:name="androidx.credentials.playservices.CredentialProviderMetadataHolder"
222-->[androidx.credentials:credentials-play-services-auth:1.2.0-rc01] AndroidManifest.xml:25:13-94
223            android:enabled="true"
223-->[androidx.credentials:credentials-play-services-auth:1.2.0-rc01] AndroidManifest.xml:26:13-35
224            android:exported="false" >
224-->[androidx.credentials:credentials-play-services-auth:1.2.0-rc01] AndroidManifest.xml:27:13-37
225            <meta-data
225-->[androidx.credentials:credentials-play-services-auth:1.2.0-rc01] AndroidManifest.xml:29:13-31:104
226                android:name="androidx.credentials.CREDENTIAL_PROVIDER_KEY"
226-->[androidx.credentials:credentials-play-services-auth:1.2.0-rc01] AndroidManifest.xml:30:17-76
227                android:value="androidx.credentials.playservices.CredentialProviderPlayServicesImpl" />
227-->[androidx.credentials:credentials-play-services-auth:1.2.0-rc01] AndroidManifest.xml:31:17-101
228        </service>
229
230        <activity
230-->[androidx.credentials:credentials-play-services-auth:1.2.0-rc01] AndroidManifest.xml:34:9-41:20
231            android:name="androidx.credentials.playservices.HiddenActivity"
231-->[androidx.credentials:credentials-play-services-auth:1.2.0-rc01] AndroidManifest.xml:35:13-76
232            android:configChanges="orientation|screenSize|screenLayout|keyboardHidden"
232-->[androidx.credentials:credentials-play-services-auth:1.2.0-rc01] AndroidManifest.xml:36:13-87
233            android:enabled="true"
233-->[androidx.credentials:credentials-play-services-auth:1.2.0-rc01] AndroidManifest.xml:37:13-35
234            android:exported="false"
234-->[androidx.credentials:credentials-play-services-auth:1.2.0-rc01] AndroidManifest.xml:38:13-37
235            android:fitsSystemWindows="true"
235-->[androidx.credentials:credentials-play-services-auth:1.2.0-rc01] AndroidManifest.xml:39:13-45
236            android:theme="@style/Theme.Hidden" >
236-->[androidx.credentials:credentials-play-services-auth:1.2.0-rc01] AndroidManifest.xml:40:13-48
237        </activity>
238
239        <uses-library
239-->[androidx.window:window:1.0.0-beta04] AndroidManifest.xml:25:9-27:40
240            android:name="androidx.window.extensions"
240-->[androidx.window:window:1.0.0-beta04] AndroidManifest.xml:26:13-54
241            android:required="false" />
241-->[androidx.window:window:1.0.0-beta04] AndroidManifest.xml:27:13-37
242        <uses-library
242-->[androidx.window:window:1.0.0-beta04] AndroidManifest.xml:28:9-30:40
243            android:name="androidx.window.sidecar"
243-->[androidx.window:window:1.0.0-beta04] AndroidManifest.xml:29:13-51
244            android:required="false" />
244-->[androidx.window:window:1.0.0-beta04] AndroidManifest.xml:30:13-37
245
246        <provider
246-->[com.google.firebase:firebase-common:21.0.0] AndroidManifest.xml:23:9-28:39
247            android:name="com.google.firebase.provider.FirebaseInitProvider"
247-->[com.google.firebase:firebase-common:21.0.0] AndroidManifest.xml:24:13-77
248            android:authorities="com.miuegypt.foundit.firebaseinitprovider"
248-->[com.google.firebase:firebase-common:21.0.0] AndroidManifest.xml:25:13-72
249            android:directBootAware="true"
249-->[com.google.firebase:firebase-common:21.0.0] AndroidManifest.xml:26:13-43
250            android:exported="false"
250-->[com.google.firebase:firebase-common:21.0.0] AndroidManifest.xml:27:13-37
251            android:initOrder="100" />
251-->[com.google.firebase:firebase-common:21.0.0] AndroidManifest.xml:28:13-36
252
253        <activity
253-->[com.google.android.gms:play-services-auth:20.7.0] AndroidManifest.xml:23:9-27:75
254            android:name="com.google.android.gms.auth.api.signin.internal.SignInHubActivity"
254-->[com.google.android.gms:play-services-auth:20.7.0] AndroidManifest.xml:24:13-93
255            android:excludeFromRecents="true"
255-->[com.google.android.gms:play-services-auth:20.7.0] AndroidManifest.xml:25:13-46
256            android:exported="false"
256-->[com.google.android.gms:play-services-auth:20.7.0] AndroidManifest.xml:26:13-37
257            android:theme="@android:style/Theme.Translucent.NoTitleBar" />
257-->[com.google.android.gms:play-services-auth:20.7.0] AndroidManifest.xml:27:13-72
258        <!--
259            Service handling Google Sign-In user revocation. For apps that do not integrate with
260            Google Sign-In, this service will never be started.
261        -->
262        <service
262-->[com.google.android.gms:play-services-auth:20.7.0] AndroidManifest.xml:33:9-37:51
263            android:name="com.google.android.gms.auth.api.signin.RevocationBoundService"
263-->[com.google.android.gms:play-services-auth:20.7.0] AndroidManifest.xml:34:13-89
264            android:exported="true"
264-->[com.google.android.gms:play-services-auth:20.7.0] AndroidManifest.xml:35:13-36
265            android:permission="com.google.android.gms.auth.api.signin.permission.REVOCATION_NOTIFICATION"
265-->[com.google.android.gms:play-services-auth:20.7.0] AndroidManifest.xml:36:13-107
266            android:visibleToInstantApps="true" />
266-->[com.google.android.gms:play-services-auth:20.7.0] AndroidManifest.xml:37:13-48
267
268        <activity
268-->[com.google.android.gms:play-services-base:18.1.0] AndroidManifest.xml:20:9-22:45
269            android:name="com.google.android.gms.common.api.GoogleApiActivity"
269-->[com.google.android.gms:play-services-base:18.1.0] AndroidManifest.xml:20:19-85
270            android:exported="false"
270-->[com.google.android.gms:play-services-base:18.1.0] AndroidManifest.xml:22:19-43
271            android:theme="@android:style/Theme.Translucent.NoTitleBar" />
271-->[com.google.android.gms:play-services-base:18.1.0] AndroidManifest.xml:21:19-78
272
273        <meta-data
273-->[com.google.android.gms:play-services-basement:18.4.0] AndroidManifest.xml:6:9-122
274            android:name="com.google.android.gms.version"
274-->[com.google.android.gms:play-services-basement:18.4.0] AndroidManifest.xml:6:20-65
275            android:value="@integer/google_play_services_version" />
275-->[com.google.android.gms:play-services-basement:18.4.0] AndroidManifest.xml:6:66-119
276
277        <provider
277-->[androidx.profileinstaller:profileinstaller:1.3.1] AndroidManifest.xml:24:9-32:20
278            android:name="androidx.startup.InitializationProvider"
278-->[androidx.profileinstaller:profileinstaller:1.3.1] AndroidManifest.xml:25:13-67
279            android:authorities="com.miuegypt.foundit.androidx-startup"
279-->[androidx.profileinstaller:profileinstaller:1.3.1] AndroidManifest.xml:26:13-68
280            android:exported="false" >
280-->[androidx.profileinstaller:profileinstaller:1.3.1] AndroidManifest.xml:27:13-37
281            <meta-data
281-->[androidx.profileinstaller:profileinstaller:1.3.1] AndroidManifest.xml:29:13-31:52
282                android:name="androidx.profileinstaller.ProfileInstallerInitializer"
282-->[androidx.profileinstaller:profileinstaller:1.3.1] AndroidManifest.xml:30:17-85
283                android:value="androidx.startup" />
283-->[androidx.profileinstaller:profileinstaller:1.3.1] AndroidManifest.xml:31:17-49
284        </provider>
285
286        <receiver
286-->[androidx.profileinstaller:profileinstaller:1.3.1] AndroidManifest.xml:34:9-52:20
287            android:name="androidx.profileinstaller.ProfileInstallReceiver"
287-->[androidx.profileinstaller:profileinstaller:1.3.1] AndroidManifest.xml:35:13-76
288            android:directBootAware="false"
288-->[androidx.profileinstaller:profileinstaller:1.3.1] AndroidManifest.xml:36:13-44
289            android:enabled="true"
289-->[androidx.profileinstaller:profileinstaller:1.3.1] AndroidManifest.xml:37:13-35
290            android:exported="true"
290-->[androidx.profileinstaller:profileinstaller:1.3.1] AndroidManifest.xml:38:13-36
291            android:permission="android.permission.DUMP" >
291-->[androidx.profileinstaller:profileinstaller:1.3.1] AndroidManifest.xml:39:13-57
292            <intent-filter>
292-->[androidx.profileinstaller:profileinstaller:1.3.1] AndroidManifest.xml:40:13-42:29
293                <action android:name="androidx.profileinstaller.action.INSTALL_PROFILE" />
293-->[androidx.profileinstaller:profileinstaller:1.3.1] AndroidManifest.xml:41:17-91
293-->[androidx.profileinstaller:profileinstaller:1.3.1] AndroidManifest.xml:41:25-88
294            </intent-filter>
295            <intent-filter>
295-->[androidx.profileinstaller:profileinstaller:1.3.1] AndroidManifest.xml:43:13-45:29
296                <action android:name="androidx.profileinstaller.action.SKIP_FILE" />
296-->[androidx.profileinstaller:profileinstaller:1.3.1] AndroidManifest.xml:44:17-85
296-->[androidx.profileinstaller:profileinstaller:1.3.1] AndroidManifest.xml:44:25-82
297            </intent-filter>
298            <intent-filter>
298-->[androidx.profileinstaller:profileinstaller:1.3.1] AndroidManifest.xml:46:13-48:29
299                <action android:name="androidx.profileinstaller.action.SAVE_PROFILE" />
299-->[androidx.profileinstaller:profileinstaller:1.3.1] AndroidManifest.xml:47:17-88
299-->[androidx.profileinstaller:profileinstaller:1.3.1] AndroidManifest.xml:47:25-85
300            </intent-filter>
301            <intent-filter>
301-->[androidx.profileinstaller:profileinstaller:1.3.1] AndroidManifest.xml:49:13-51:29
302                <action android:name="androidx.profileinstaller.action.BENCHMARK_OPERATION" />
302-->[androidx.profileinstaller:profileinstaller:1.3.1] AndroidManifest.xml:50:17-95
302-->[androidx.profileinstaller:profileinstaller:1.3.1] AndroidManifest.xml:50:25-92
303            </intent-filter>
304        </receiver> <!-- The activities will be merged into the manifest of the hosting app. -->
305        <activity
305-->[com.google.android.play:core-common:2.0.3] AndroidManifest.xml:14:9-18:65
306            android:name="com.google.android.play.core.common.PlayCoreDialogWrapperActivity"